<?xml version="1.0" encoding="UTF-8"?>
<robot generator="Robot 6.0.1 (Python 3.8.10 on linux)" generated="20221129 15:11:58.521" rpa="false" schemaversion="3">
<suite id="s1" name="Tests" source="/home/aare/ohtu-proju/ohtu-miniprojekti/src/tests">
<suite id="s1-s1" name="Add Reference" source="/home/aare/ohtu-proju/ohtu-miniprojekti/src/tests/add_reference.robot">
<test id="s1-s1-t1" name="Add Reference" line="6">
<kw name="Delete Records From Database" library="AppLibrary" type="SETUP">
<status status="PASS" starttime="20221129 15:11:58.538" endtime="20221129 15:11:58.539"/>
</kw>
<kw name="Choose Operation" library="resource">
<arg>new</arg>
<kw name="Add Input" library="AppLibrary">
<arg>${operation}</arg>
<status status="PASS" starttime="20221129 15:11:58.539" endtime="20221129 15:11:58.539"/>
</kw>
<status status="PASS" starttime="20221129 15:11:58.539" endtime="20221129 15:11:58.539"/>
</kw>
<kw name="Add Reference Field">
<arg>citekey</arg>
<kw name="Add Reference Input" library="AppLibrary">
<arg>${argument}</arg>
<status status="PASS" starttime="20221129 15:11:58.539" endtime="20221129 15:11:58.539"/>
</kw>
<status status="PASS" starttime="20221129 15:11:58.539" endtime="20221129 15:11:58.540"/>
</kw>
<kw name="Add Reference Field">
<arg>author1</arg>
<kw name="Add Reference Input" library="AppLibrary">
<arg>${argument}</arg>
<status status="PASS" starttime="20221129 15:11:58.540" endtime="20221129 15:11:58.540"/>
</kw>
<status status="PASS" starttime="20221129 15:11:58.540" endtime="20221129 15:11:58.540"/>
</kw>
<kw name="Add Reference Field">
<arg>title1</arg>
<kw name="Add Reference Input" library="AppLibrary">
<arg>${argument}</arg>
<status status="PASS" starttime="20221129 15:11:58.540" endtime="20221129 15:11:58.540"/>
</kw>
<status status="PASS" starttime="20221129 15:11:58.540" endtime="20221129 15:11:58.540"/>
</kw>
<kw name="Run Application" library="AppLibrary">
<status status="PASS" starttime="20221129 15:11:58.540" endtime="20221129 15:11:58.543"/>
</kw>
<kw name="Output Should Contain" library="AppLibrary">
<status status="PASS" starttime="20221129 15:11:58.544" endtime="20221129 15:11:58.544"/>
</kw>
<status status="PASS" starttime="20221129 15:11:58.538" endtime="20221129 15:11:58.544"/>
</test>
<status status="PASS" starttime="20221129 15:11:58.532" endtime="20221129 15:11:58.544"/>
</suite>
<status status="PASS" starttime="20221129 15:11:58.522" endtime="20221129 15:11:58.545"/>
</suite>
<statistics>
<total>
<stat pass="1" fail="0" skip="0">All Tests</stat>
</total>
<tag>
</tag>
<suite>
<stat pass="1" fail="0" skip="0" id="s1" name="Tests">Tests</stat>
<stat pass="1" fail="0" skip="0" id="s1-s1" name="Add Reference">Tests.Add Reference</stat>
</suite>
</statistics>
<errors>
</errors>
</robot>
